2018-09-03 13:14:41 Application closed by user.
2018-09-03 13:15:11 Application closed by user.
2018-09-03 13:16:43 Application closed by user.
2018-09-03 13:17:19 Application closed by user.
2018-09-03 13:20:02 Application closed by user.
2018-09-03 13:22:42 User initiated a ping on site: ****
2018-09-03 13:22:45 Application closed by user.
2018-09-07 07:27:58 Application closed by user.
2018-09-07 07:29:13 Application closed by user.
2018-09-07 07:33:24 Application closed by user.
2018-09-07 07:36:19 Application closed by user.
2018-09-07 07:43:24 Application closed by user.
2018-09-07 07:43:44 Application closed by user.
2018-09-07 08:08:51 Application closed by user.
2018-09-07 08:09:29 Application closed by user.
2018-09-07 08:12:03 Application closed by user.
2018-09-07 08:12:18 Application closed by user.
2018-09-07 08:15:49 Application closed by user.
2018-09-07 08:23:52 Application closed by user.
2018-09-07 08:25:10 Application closed by user.
2018-09-07 08:25:40 Application closed by user.
2018-09-07 08:26:31 Application closed by user.
2018-09-07 08:27:05 Application closed by user.
2018-09-07 08:38:28 Application closed by user.
2018-09-07 08:38:47 Application closed by user.
2018-09-07 08:40:18 Application closed by user.
2018-09-07 08:41:15 Application closed by user.
2018-09-07 08:43:01 Application closed by user.
2018-09-07 08:43:59 Application closed by user.
2018-09-07 08:44:25 Application closed by user.
2018-09-07 08:45:25 Application closed by user.
2018-09-07 09:07:08 Application closed by user.
2018-09-08 11:54:13 Application closed by user.
2018-09-08 11:54:59 Application closed by user.
2018-09-08 11:59:50 Application closed by user.
2018-09-08 12:08:56 Application closed by user.
2018-09-08 12:25:42 Application closed by user.
2018-09-08 12:35:01 Application closed by user.
2018-09-08 12:38:07 Application closed by user.
2018-09-08 12:40:40 Application closed by user.
2018-09-08 12:59:10 Application closed by user.
2018-09-08 19:33:39 Application closed by user.
2018-09-08 19:38:21 Application closed by user.
2018-09-08 19:41:36 Application closed by user.
2018-09-08 19:49:22 Application closed by user.
2018-09-08 19:54:55 Program information accessed by user.
2018-09-08 19:55:01 Application closed by user.
2018-09-08 20:00:14 Application closed by user.
2018-09-08 20:00:49 Application closed by user.
2018-09-08 20:02:02 Application closed by user.
2018-09-08 20:02:53 Application closed by user.
2018-09-08 20:12:33 The store number was successfully updated to: 0000
2018-09-08 20:12:36 User initiated a constant ping on site: 0000
2018-09-08 20:12:51 Application closed by user.
