2018-08-23 16:21:40 Program information accessed by user.
2018-08-23 16:21:57 The store number was successfully updated to: 1008
2018-08-23 16:22:18 User initiated a ping on site: 1008
2018-08-23 16:22:43 User initiated a constant ping on site: 1008
2018-08-23 16:23:14 User initiated a ping on atg-1008
2018-08-23 16:23:18 User initiated a ping on commander-1008
2018-08-23 16:23:22 User initiated a ping on radiant-1008
2018-08-23 16:23:31 User initiated a ping on cybera-1008
2018-08-23 16:23:44 User initiated a ping on node 10.96.22.1
2018-08-23 16:24:43 User initiated a ping on site: 1008
2018-08-23 16:24:51 User initiated a ping on node 10.96.22.45
2018-08-23 16:27:14 Application closed by user.
2018-08-29 14:04:15 User initiated a ping on cybera-****
2018-08-29 14:04:19 Application closed by user.
2018-08-29 14:04:48 Application closed by user.
2018-08-30 07:56:33 Application closed by user.
2018-08-30 08:35:51 Application closed by user.
2018-08-30 08:37:41 Application closed by user.
2018-08-30 08:41:59 User initiated a reboot on node 1 at: ****
2018-08-30 08:42:03 Application closed by user.
2018-08-30 08:42:28 User initiated a reboot on node 1 at: ****
2018-08-30 08:42:32 Application closed by user.
2018-08-30 08:43:19 The store number was successfully updated to: 1008
2018-08-30 08:43:23 User initiated a reboot on node 1 at: 1008
2018-08-30 08:43:26 Application closed by user.
2018-08-30 08:46:28 The store number was successfully updated to: 1234
2018-08-30 08:46:31 User initiated a reboot at: 1234
2018-08-30 08:46:39 User initiated a reboot on node 1 at: 1234
2018-08-30 08:46:42 User initiated a reboot on node 3 at: 1234
2018-08-30 08:46:44 Application closed by user.
2018-08-30 08:48:09 Application closed by user.
2018-08-30 08:59:05 The store number was successfully updated to: 9090
2018-08-30 08:59:08 User initiated a reboot on node 45 at: 9090
2018-08-30 08:59:17 Application closed by user.
2018-08-30 09:12:05 User initiated a reboot on node 100 at: ****
2018-08-30 09:12:13 User initiated a reboot on node 200 at: ****
2018-08-30 09:12:15 User initiated a reboot at: FCE-****
2018-08-30 09:12:19 Application closed by user.
2018-08-30 09:15:24 User initiated a reboot at: FCE-****
2018-08-30 09:15:27 User initiated a reboot at: FCE-****
2018-08-30 09:15:36 User initiated a reboot at: FCE-****
2018-08-30 09:15:39 Application closed by user.
2018-08-30 09:16:02 User initiated a reboot at: FCE-****
2018-08-30 09:16:05 User initiated a reboot at: Radiant-****
2018-08-30 09:16:36 Application closed by user.
2018-08-30 10:38:21 User initiated a reboot at: FCE-****
2018-08-30 10:38:24 User initiated a reboot at: Radiant-****
2018-08-30 10:38:28 User initiated a reboot on node 46 at: ****
2018-08-30 10:38:53 Application closed by user.
2018-08-30 17:27:33 The store number was successfully updated to: 1008
2018-08-30 17:27:39 User initiated a ping on site: 1008
2018-08-30 17:28:45 User initiated a constant ping on site: 1008
2018-08-30 17:29:03 User initiated a ping on atg-1008
2018-08-30 17:29:08 User initiated a ping on radiant-1008
2018-08-30 17:29:12 User initiated a ping on cybera-1008
2018-08-30 17:29:17 User initiated a ping on node 10.96.22.1
2018-08-30 17:29:58 User initiated a reboot at: FCE-1008
2018-08-30 17:30:39 User initiated a reboot at: Radiant-1008
2018-08-30 17:30:47 User initiated a reboot on node 1 at: 1008
2018-08-30 17:31:11 User initiated a reboot on node 100 at: 1008
2018-08-30 17:32:38 Application closed by user.
2018-08-31 07:49:15 User terminated the process firefox.exe at: ********
2018-08-31 07:49:23 Application closed by user.
2018-08-31 07:54:33 User terminated the process PDIDesktop.exe at: ****
2018-08-31 07:54:41 The store number was successfully updated to: 1008
2018-08-31 07:54:43 User terminated the process openoffice.exe at: 1008
2018-08-31 07:54:46 User terminated the process chrome.exe at: 1008
2018-08-31 07:54:49 User terminated the process iexplore.exe at: 1008
2018-08-31 07:54:52 Application closed by user.
2018-08-31 07:56:35 User initiated a ping on site: ****
2018-08-31 07:56:41 Application closed by user.
2018-08-31 08:07:16 User initiated the clean_up.bat script at: ****
2018-08-31 08:07:23 Application closed by user.
2018-08-31 08:19:23 Program information accessed by user.
2018-08-31 08:19:26 Application closed by user.
2018-08-31 08:24:43 Program information accessed by user.
2018-08-31 08:24:54 Application closed by user.
2018-08-31 08:26:04 Program information accessed by user.
2018-08-31 08:26:15 Application closed by user.
2018-09-08 20:14:12 The store number was successfully updated to: 34567
2018-09-08 20:14:15 Application closed by user.
2018-09-08 20:17:18 The store number was successfully updated to: Store:
2018-09-08 20:17:22 Program information accessed by user.
2018-09-08 20:17:28 Application closed by user.
2018-09-08 20:31:48 The store number was successfully updated to: 5678
2018-09-08 20:31:50 User initiated a constant ping on site: 5678
2018-09-08 20:31:52 User initiated a ping on site: 5678
2018-09-08 20:31:54 Application closed by user.
2018-09-08 20:34:00 The store number was successfully updated to: 8888
2018-09-08 20:34:09 User initiated a ping on site: 8888
2018-09-08 20:34:11 Application closed by user.
2018-09-08 20:38:18 Application closed by user.
2018-09-08 20:38:51 Application closed by user.
2018-09-08 20:39:21 Application closed by user.
2018-09-08 20:50:01 Application closed by user.
2018-09-09 01:41:10 Application closed by user.
2018-09-09 01:43:21 Application closed by user.
2018-09-09 01:44:05 Application closed by user.
2018-09-09 01:44:51 Application closed by user.
2018-09-09 01:46:07 Application closed by user.
2018-09-09 01:47:16 Application closed by user.
2018-09-09 01:47:39 Application closed by user.
2018-09-09 01:48:34 Application closed by user.
2018-09-09 01:49:22 Application closed by user.
2018-09-09 01:50:29 Application closed by user.
2018-09-09 01:51:05 Application closed by user.
2018-09-09 01:51:16 Application closed by user.
2018-09-09 01:51:50 Application closed by user.
2018-09-09 01:52:28 Application closed by user.
2018-09-09 01:52:48 Application closed by user.
2018-09-09 01:54:47 Application closed by user.
2018-09-09 01:56:14 Application closed by user.
2018-09-09 01:57:41 Application closed by user.
2018-09-09 01:59:37 Application closed by user.
2018-09-09 01:59:58 Application closed by user.
2018-09-09 15:05:39 Application closed by user.
2018-09-09 16:16:38 Application closed by user.
2018-09-09 16:22:13 Application closed by user.
2018-09-09 16:22:49 Application closed by user.
2018-09-09 16:23:19 Application closed by user.
2018-09-09 16:23:47 Application closed by user.
2018-09-09 16:24:29 Application closed by user.
2018-09-09 16:25:13 Application closed by user.
2018-09-09 16:25:55 Application closed by user.
2018-09-09 16:26:41 Application closed by user.
2018-09-09 16:27:28 Application closed by user.
2018-09-09 16:28:10 Application closed by user.
2018-09-09 16:29:05 Application closed by user.
2018-09-09 16:31:16 Application closed by user.
2018-09-09 16:32:07 Application closed by user.
2018-09-09 16:32:26 Application closed by user.
2018-09-09 16:39:39 Application closed by user.
2018-09-10 14:00:29 Application closed by user.
2018-09-10 17:18:27 Application closed by user.
2018-09-10 17:18:57 Application closed by user.
2018-09-10 17:20:09 Application closed by user.
2018-09-10 17:23:22 Application closed by user.
2018-09-10 17:24:08 Application closed by user.
2018-09-10 17:24:25 Application closed by user.
2018-09-13 13:19:41 Application closed by user.
2018-09-13 13:20:09 Application closed by user.
2018-09-13 13:20:50 Application closed by user.
2018-09-13 13:21:12 Application closed by user.
2018-09-13 13:22:11 Application closed by user.
2018-09-13 13:22:38 Application closed by user.
2018-09-13 13:25:30 Application closed by user.
2018-09-13 13:25:51 Application closed by user.
2018-09-13 13:26:38 Application closed by user.
2018-09-13 13:26:55 Application closed by user.
2018-09-13 13:27:09 Application closed by user.
2018-09-13 13:27:22 Application closed by user.
2018-09-13 13:28:51 Application closed by user.
2018-09-13 13:29:06 Application closed by user.
2018-09-13 13:29:22 Application closed by user.
2018-09-13 13:29:47 Application closed by user.
2018-09-13 13:32:44 Application closed by user.
2018-09-13 13:33:16 Application closed by user.
2018-09-13 13:33:28 Application closed by user.
2018-09-13 13:34:07 Application closed by user.
2018-09-13 13:35:04 Application closed by user.
2018-09-13 13:37:27 Application closed by user.
2018-09-13 13:38:51 The store number was successfully updated to: 7777
2018-09-13 13:38:54 Application closed by user.
2018-09-13 13:39:36 The store number was successfully updated to: 8888
2018-09-13 13:39:42 The store number was successfully updated to: 9999
2018-09-13 13:39:45 Application closed by user.
2018-09-13 13:40:42 The store number was successfully updated to: Store:
2018-09-13 13:40:44 User initiated a ping on site: Store:
2018-09-13 13:40:50 The store number was successfully updated to: 1008
2018-09-13 13:40:51 User initiated a constant ping on site: 1008
2018-09-13 13:40:54 User initiated a ping on node 10.96.22.46
2018-09-13 13:41:00 User initiated a reboot on node 1 at: 1008
2018-09-13 13:41:03 User initiated a reboot at: FCE-1008
2018-09-13 13:41:07 User initiated a reboot at: Radiant-1008
2018-09-13 13:41:11 User initiated a reboot on node 100 at: 1008
2018-09-13 13:41:14 User terminated the process PDIDesktop.exe at: 1008
2018-09-13 13:41:18 User terminated the process soffice.exe at: 1008
2018-09-13 13:41:22 User terminated the process firefox.exe at: 1008
2018-09-13 13:41:23 User initiated the clean_up.bat script at: 1008
2018-09-13 13:41:28 User terminated the process firefox.exe at: 1008
2018-09-13 13:41:33 User initiated the clean_up.bat script at: 1008
2018-09-13 13:41:44 User initiated the clean_up.bat script at: 1008
2018-09-13 13:41:52 Application closed by user.
2018-09-13 13:59:38 Application closed by user.
2018-09-13 14:00:27 Application closed by user.
2018-09-13 14:00:44 Application closed by user.
2018-09-13 14:47:00 Application closed by user.
2018-09-13 14:49:29 Application closed by user.
2018-09-13 14:49:46 Application closed by user.
2018-09-13 14:50:27 Application closed by user.
2018-09-13 14:50:44 Application closed by user.
2018-09-13 14:51:42 The store number was successfully updated to: 23456789
2018-09-13 14:51:53 Application closed by user.
2018-09-14 09:07:58 The store number was successfully updated to: 234567
2018-09-14 09:08:00 User initiated a ping on site: 234567
2018-09-14 09:08:03 User initiated a ping on node 10.96.22.45
2018-09-14 09:08:08 Application closed by user.
2018-09-15 10:33:09 The store number was successfully updated to: 1097
2018-09-15 10:52:39 Application closed by user.
2018-09-15 16:27:35 Application closed by user.
2018-09-15 19:25:44 Application closed by user.
2018-09-21 11:27:58 User initiated a ping on site: ****
2018-09-21 11:28:01 User initiated a ping on node 10.96.22.46
2018-09-21 11:28:05 User initiated a reboot on node 47 at: ****
2018-09-21 11:28:08 User initiated the clean_up.bat script at: ****
2018-09-21 11:28:15 The store number was successfully updated to: 1008
2018-09-21 11:28:20 User initiated the clean_up.bat script at: 1008
2018-09-21 11:28:24 User initiated a reboot on node 2 at: 1008
2018-09-21 11:28:37 Program information accessed by user.
2018-09-21 11:28:52 User initiated the clean_up.bat script at: 1008
2018-09-21 11:29:17 Application closed by user.
2018-09-21 12:31:43 Application closed by user.
2018-09-21 12:32:57 Application closed by user.
2018-09-21 12:36:38 Application closed by user.
2018-09-21 13:18:34 Application closed by user.
2018-09-21 13:19:35 Application closed by user.
2018-09-21 13:20:17 Application closed by user.
2018-09-21 13:20:46 Application closed by user.
2018-09-21 13:21:28 Application closed by user.
2018-09-21 13:21:59 Application closed by user.
2018-09-21 13:22:23 Application closed by user.
2018-09-21 13:23:14 Application closed by user.
2018-09-21 13:23:56 Application closed by user.
2018-09-21 13:25:04 Application closed by user.
2018-09-21 13:27:59 Application closed by user.
2018-09-21 13:28:51 Application closed by user.
2018-09-21 13:29:43 Application closed by user.
2018-09-21 13:31:36 Application closed by user.
2018-09-21 13:32:44 Application closed by user.
2018-09-21 13:33:25 Application closed by user.
2018-09-21 13:34:05 Application closed by user.
2018-09-21 13:34:43 Application closed by user.
2018-09-21 13:35:09 Application closed by user.
2018-09-21 13:35:43 Application closed by user.
2018-09-21 13:38:10 Application closed by user.
2018-09-21 13:41:00 Application closed by user.
2018-09-21 13:41:44 Application closed by user.
2018-09-21 13:42:07 Application closed by user.
2018-09-21 13:42:52 Application closed by user.
2018-09-21 13:43:13 Application closed by user.
2018-09-21 13:43:44 Application closed by user.
2018-09-21 13:44:08 Application closed by user.
2018-09-21 13:45:26 Application closed by user.
2018-09-21 13:46:01 Application closed by user.
2018-09-21 13:46:14 Application closed by user.
2018-09-21 13:48:49 Application closed by user.
2018-09-21 13:49:09 Application closed by user.
2018-09-21 13:49:39 Application closed by user.
2018-09-21 13:50:09 Application closed by user.
2018-09-21 13:50:34 Application closed by user.
2018-09-21 13:51:09 Application closed by user.
2018-09-21 13:54:19 Application closed by user.
2018-09-21 13:54:42 Application closed by user.
2018-09-21 13:55:33 Application closed by user.
2018-09-21 13:56:06 Application closed by user.
2018-09-21 13:56:19 Application closed by user.
2018-09-21 13:56:39 Application closed by user.
2018-09-21 13:57:05 Application closed by user.
2018-09-21 13:57:25 Application closed by user.
2018-09-21 14:00:53 Application closed by user.
2018-09-21 14:02:40 Application closed by user.
2018-09-21 14:03:03 Application closed by user.
2018-09-21 14:03:24 Application closed by user.
2018-09-21 14:06:20 Application closed by user.
2018-09-21 14:06:57 Application closed by user.
2018-09-21 14:07:39 Application closed by user.
2018-09-21 14:09:46 Application closed by user.
2018-09-21 14:10:18 Application closed by user.
2018-09-21 14:11:16 Application closed by user.
2018-09-21 14:11:41 Application closed by user.
2018-09-21 14:12:22 Application closed by user.
2018-09-21 14:15:31 Application closed by user.
2018-09-21 14:17:04 Application closed by user.
2018-09-21 14:17:41 Application closed by user.
2018-09-21 14:18:14 Application closed by user.
2018-09-21 14:18:45 Application closed by user.
2018-09-21 14:19:15 Application closed by user.
2018-09-21 14:19:35 User initiated a ping on site: ****
2018-09-21 14:19:43 Application closed by user.
2018-09-21 14:20:36 Application closed by user.
2018-09-21 14:21:55 Application closed by user.
2018-09-21 14:23:04 Application closed by user.
2018-09-21 14:23:16 Application closed by user.
2018-09-21 14:24:40 Application closed by user.
2018-09-21 14:24:59 Application closed by user.
2018-09-21 14:25:23 Application closed by user.
2018-09-21 14:26:14 Application closed by user.
2018-09-21 14:26:48 Application closed by user.
2018-09-21 14:27:02 Application closed by user.
2018-09-21 14:27:19 Application closed by user.
2018-09-21 14:27:36 Application closed by user.
2018-09-21 14:30:11 Application closed by user.
2018-09-21 14:30:36 Application closed by user.
2018-09-21 14:31:14 The store number was successfully updated to: 1008
2018-09-21 14:31:17 User initiated a ping on site: 1008
2018-09-21 14:31:20 User initiated a ping on node 10.96.22.46
2018-09-21 14:31:44 User initiated a ping on node 10.96.22.46
2018-09-21 14:31:56 Application closed by user.
2018-09-22 19:15:46 Application closed by user.
2018-09-22 19:20:06 User initiated a ping on site: ****
2018-09-22 19:20:17 Application closed by user.
2018-09-22 19:21:03 User initiated a ping on radiant-****
2018-09-22 19:21:11 User initiated a ping on radiant-****
2018-09-22 19:21:21 The store number was successfully updated to: 1008
2018-09-22 19:21:30 User initiated a ping on radiant-1008
2018-09-22 19:21:35 User initiated a ping on node 10.96.22.46
2018-09-22 19:22:00 User initiated a reboot at: FCE-1008
2018-09-22 19:22:05 User initiated a reboot at: Radiant-1008
2018-09-22 19:22:09 User initiated a reboot on node 2 at: 1008
2018-09-22 19:22:21 User initiated a reboot on node 47 at: 1008
2018-09-22 19:22:25 User initiated a reboot on node 100 at: 1008
2018-09-22 19:22:35 User terminated the process PDIDesktop.exe at: 1008
2018-09-22 19:22:45 User terminated the process soffice.exe at: 1008
2018-09-22 19:22:55 User terminated the process iexplore.exe at: 1008
2018-09-22 19:22:56 User terminated the process iexplore.exe at: 1008
2018-09-22 19:22:57 User terminated the process iexplore.exe at: 1008
2018-09-22 19:22:58 User terminated the process iexplore.exe at: 1008
2018-09-22 19:22:59 User terminated the process iexplore.exe at: 1008
2018-09-22 19:22:59 User terminated the process iexplore.exe at: 1008
2018-09-22 19:23:00 User terminated the process iexplore.exe at: 1008
2018-09-22 19:23:01 User terminated the process iexplore.exe at: 1008
2018-09-22 19:23:02 User initiated the clean_up.bat script at: 1008
2018-09-22 19:23:09 Program information accessed by user.
2018-09-22 19:24:01 Application closed by user.
